07-Jul-2019 11:12:34.736 INFORMAÇÕES [main] org.apache.catalina.core.ApplicationContext.log ContextListener: contextInitialized()
07-Jul-2019 11:12:34.736 INFORMAÇÕES [main] org.apache.catalina.core.ApplicationContext.log SessionListener: contextInitialized()
07-Jul-2019 11:12:34.738 INFORMAÇÕES [main] org.apache.catalina.core.ApplicationContext.log ContextListener: attributeAdded('StockTicker', 'async.Stockticker@5dafbe45')
07-Jul-2019 11:12:35.119 INFORMAÇÕES [main] org.apache.catalina.core.ApplicationContext.log SessionListener: contextDestroyed()
07-Jul-2019 11:12:35.119 INFORMAÇÕES [main] org.apache.catalina.core.ApplicationContext.log ContextListener: contextDestroyed()
07-Jul-2019 11:12:47.961 INFORMAÇÕES [main] org.apache.catalina.core.ApplicationContext.log ContextListener: contextInitialized()
07-Jul-2019 11:12:47.961 INFORMAÇÕES [main] org.apache.catalina.core.ApplicationContext.log SessionListener: contextInitialized()
07-Jul-2019 11:12:47.963 INFORMAÇÕES [main] org.apache.catalina.core.ApplicationContext.log ContextListener: attributeAdded('StockTicker', 'async.Stockticker@69504ae9')
07-Jul-2019 11:12:48.119 INFORMAÇÕES [main] org.apache.catalina.core.ApplicationContext.log SessionListener: contextDestroyed()
07-Jul-2019 11:12:48.119 INFORMAÇÕES [main] org.apache.catalina.core.ApplicationContext.log ContextListener: contextDestroyed()
07-Jul-2019 11:13:05.503 INFORMAÇÕES [main] org.apache.catalina.core.ApplicationContext.log ContextListener: contextInitialized()
07-Jul-2019 11:13:05.503 INFORMAÇÕES [main] org.apache.catalina.core.ApplicationContext.log SessionListener: contextInitialized()
07-Jul-2019 11:13:05.508 INFORMAÇÕES [main] org.apache.catalina.core.ApplicationContext.log ContextListener: attributeAdded('StockTicker', 'async.Stockticker@387a8303')
07-Jul-2019 11:13:05.653 INFORMAÇÕES [main] org.apache.catalina.core.ApplicationContext.log SessionListener: contextDestroyed()
07-Jul-2019 11:13:05.653 INFORMAÇÕES [main] org.apache.catalina.core.ApplicationContext.log ContextListener: contextDestroyed()
07-Jul-2019 11:13:25.969 INFORMAÇÕES [main] org.apache.catalina.core.ApplicationContext.log ContextListener: contextInitialized()
07-Jul-2019 11:13:25.970 INFORMAÇÕES [main] org.apache.catalina.core.ApplicationContext.log SessionListener: contextInitialized()
07-Jul-2019 11:13:25.971 INFORMAÇÕES [main] org.apache.catalina.core.ApplicationContext.log ContextListener: attributeAdded('StockTicker', 'async.Stockticker@387a8303')
07-Jul-2019 11:13:26.108 INFORMAÇÕES [main] org.apache.catalina.core.ApplicationContext.log SessionListener: contextDestroyed()
07-Jul-2019 11:13:26.108 INFORMAÇÕES [main] org.apache.catalina.core.ApplicationContext.log ContextListener: contextDestroyed()
07-Jul-2019 11:13:37.345 INFORMAÇÕES [main] org.apache.catalina.core.ApplicationContext.log ContextListener: contextInitialized()
07-Jul-2019 11:13:37.345 INFORMAÇÕES [main] org.apache.catalina.core.ApplicationContext.log SessionListener: contextInitialized()
07-Jul-2019 11:13:37.349 INFORMAÇÕES [main] org.apache.catalina.core.ApplicationContext.log ContextListener: attributeAdded('StockTicker', 'async.Stockticker@475c9c31')
07-Jul-2019 12:45:12.231 INFORMAÇÕES [main] org.apache.catalina.core.ApplicationContext.log ContextListener: contextInitialized()
07-Jul-2019 12:45:12.232 INFORMAÇÕES [main] org.apache.catalina.core.ApplicationContext.log SessionListener: contextInitialized()
07-Jul-2019 12:45:12.241 INFORMAÇÕES [main] org.apache.catalina.core.ApplicationContext.log ContextListener: attributeAdded('StockTicker', 'async.Stockticker@475c9c31')
07-Jul-2019 12:45:33.073 INFORMAÇÕES [Thread-5] org.apache.catalina.core.ApplicationContext.log SessionListener: contextDestroyed()
07-Jul-2019 12:45:33.073 INFORMAÇÕES [Thread-5] org.apache.catalina.core.ApplicationContext.log ContextListener: contextDestroyed()
